# JRE version: OpenJDK Runtime Environment Temurin-17.0.4+8 (17.0.4+8) (build 17.0.4+8)
# Java VM: OpenJDK 64-Bit Server VM Temurin-17.0.4+8 (17.0.4+8, mixed mode, tiered, compressed oops, compressed class ptrs, g1 gc, windows-amd64)
GC Precious Log:
 CPUs: 8 total, 8 available
 Memory: 7914M
 Large Page Support: Disabled
 NUMA Support: Disabled
 Compressed Oops: Enabled (32-bit)
 Heap Region Size: 1M
 Heap Min Capacity: 8M
 Heap Initial Capacity: 124M
 Heap Max Capacity: 1980M
 Pre-touch: Disabled
 Parallel Workers: 8
 Concurrent Workers: 2
 Concurrent Refinement Workers: 8
 Periodic GC: Disabled
Heap:
 garbage-first heap   total 101376K, used 54305K [0x0000000084400000, 0x0000000100000000)
  region size 1024K, 19 young (19456K), 1 survivors (1024K)
 Metaspace       used 63126K, committed 63552K, reserved 1105920K
  class space    used 7656K, committed 7872K, reserved 1048576K
GC Heap History (20 events):
Event: 2.789 GC heap before
{Heap before GC invocations=10 (full 0):
 garbage-first heap   total 99328K, used 71776K [0x0000000084400000, 0x0000000100000000)
  region size 1024K, 58 young (59392K), 4 survivors (4096K)
 Metaspace       used 28342K, committed 28544K, reserved 1081344K
  class space    used 3295K, committed 3392K, reserved 1048576K
}
Event: 2.792 GC heap after
{Heap after GC invocations=11 (full 0):
 garbage-first heap   total 99328K, used 17306K [0x0000000084400000, 0x0000000100000000)
  region size 1024K, 4 young (4096K), 4 survivors (4096K)
 Metaspace       used 28342K, committed 28544K, reserved 1081344K
  class space    used 3295K, committed 3392K, reserved 1048576K
}
Event: 3.250 GC heap before
{Heap before GC invocations=11 (full 0):
 garbage-first heap   total 99328K, used 72602K [0x0000000084400000, 0x0000000100000000)
  region size 1024K, 58 young (59392K), 4 survivors (4096K)
 Metaspace       used 29922K, committed 30144K, reserved 1081344K
  class space    used 3460K, committed 3584K, reserved 1048576K
}
Event: 3.253 GC heap after
{Heap after GC invocations=12 (full 0):
 garbage-first heap   total 99328K, used 19473K [0x0000000084400000, 0x0000000100000000)
  region size 1024K, 7 young (7168K), 7 survivors (7168K)
 Metaspace       used 29922K, committed 30144K, reserved 1081344K
  class space    used 3460K, committed 3584K, reserved 1048576K
}
Event: 3.911 GC heap before
{Heap before GC invocations=12 (full 0):
 garbage-first heap   total 99328K, used 57361K [0x0000000084400000, 0x0000000100000000)
  region size 1024K, 45 young (46080K), 7 survivors (7168K)
 Metaspace       used 35903K, committed 36096K, reserved 1081344K
  class space    used 4212K, committed 4288K, reserved 1048576K
}
Event: 3.917 GC heap after
{Heap after GC invocations=13 (full 0):
 garbage-first heap   total 99328K, used 23086K [0x0000000084400000, 0x0000000100000000)
  region size 1024K, 8 young (8192K), 8 survivors (8192K)
 Metaspace       used 35903K, committed 36096K, reserved 1081344K
  class space    used 4212K, committed 4288K, reserved 1048576K
}
Event: 4.401 GC heap before
{Heap before GC invocations=14 (full 0):
 garbage-first heap   total 81920K, used 68142K [0x0000000084400000, 0x0000000100000000)
  region size 1024K, 47 young (48128K), 8 survivors (8192K)
 Metaspace       used 39379K, committed 39680K, reserved 1089536K
  class space    used 4660K, committed 4800K, reserved 1048576K
}
Event: 4.407 GC heap after
{Heap after GC invocations=15 (full 0):
 garbage-first heap   total 83968K, used 26798K [0x0000000084400000, 0x0000000100000000)
  region size 1024K, 6 young (6144K), 6 survivors (6144K)
 Metaspace       used 39379K, committed 39680K, reserved 1089536K
  class space    used 4660K, committed 4800K, reserved 1048576K
}
Event: 4.878 GC heap before
{Heap before GC invocations=15 (full 0):
 garbage-first heap   total 83968K, used 64686K [0x0000000084400000, 0x0000000100000000)
  region size 1024K, 41 young (41984K), 6 survivors (6144K)
 Metaspace       used 42560K, committed 42880K, reserved 1089536K
  class space    used 5153K, committed 5312K, reserved 1048576K
}
Event: 4.882 GC heap after
{Heap after GC invocations=16 (full 0):
 garbage-first heap   total 101376K, used 29491K [0x0000000084400000, 0x0000000100000000)
  region size 1024K, 3 young (3072K), 3 survivors (3072K)
 Metaspace       used 42560K, committed 42880K, reserved 1089536K
  class space    used 5153K, committed 5312K, reserved 1048576K
}
Event: 5.268 GC heap before
{Heap before GC invocations=16 (full 0):
 garbage-first heap   total 101376K, used 73523K [0x0000000084400000, 0x0000000100000000)
  region size 1024K, 46 young (47104K), 3 survivors (3072K)
 Metaspace       used 45078K, committed 45376K, reserved 1089536K
  class space    used 5496K, committed 5632K, reserved 1048576K
}
Event: 5.271 GC heap after
{Heap after GC invocations=17 (full 0):
 garbage-first heap   total 101376K, used 30736K [0x0000000084400000, 0x0000000100000000)
  region size 1024K, 4 young (4096K), 4 survivors (4096K)
 Metaspace       used 45078K, committed 45376K, reserved 1089536K
  class space    used 5496K, committed 5632K, reserved 1048576K
}
Event: 7.208 GC heap before
{Heap before GC invocations=17 (full 0):
 garbage-first heap   total 101376K, used 74768K [0x0000000084400000, 0x0000000100000000)
  region size 1024K, 48 young (49152K), 4 survivors (4096K)
 Metaspace       used 54127K, committed 54464K, reserved 1097728K
  class space    used 6594K, committed 6784K, reserved 1048576K
}
Event: 7.215 GC heap after
{Heap after GC invocations=18 (full 0):
 garbage-first heap   total 101376K, used 35339K [0x0000000084400000, 0x0000000100000000)
  region size 1024K, 6 young (6144K), 6 survivors (6144K)
 Metaspace       used 54127K, committed 54464K, reserved 1097728K
  class space    used 6594K, committed 6784K, reserved 1048576K
}
Event: 9.428 GC heap before
{Heap before GC invocations=18 (full 0):
 garbage-first heap   total 101376K, used 69131K [0x0000000084400000, 0x0000000100000000)
  region size 1024K, 38 young (38912K), 6 survivors (6144K)
 Metaspace       used 60181K, committed 60480K, reserved 1105920K
  class space    used 7383K, committed 7552K, reserved 1048576K
}
Event: 9.435 GC heap after
{Heap after GC invocations=19 (full 0):
 garbage-first heap   total 101376K, used 40470K [0x0000000084400000, 0x0000000100000000)
  region size 1024K, 3 young (3072K), 3 survivors (3072K)
 Metaspace       used 60181K, committed 60480K, reserved 1105920K
  class space    used 7383K, committed 7552K, reserved 1048576K
}
Event: 276.891 GC heap before
{Heap before GC invocations=20 (full 0):
 garbage-first heap   total 101376K, used 76294K [0x0000000084400000, 0x0000000100000000)
  region size 1024K, 40 young (40960K), 3 survivors (3072K)
 Metaspace       used 62873K, committed 63296K, reserved 1105920K
  class space    used 7654K, committed 7872K, reserved 1048576K
}
Event: 276.949 GC heap after
{Heap after GC invocations=21 (full 0):
 garbage-first heap   total 101376K, used 39446K [0x0000000084400000, 0x0000000100000000)
  region size 1024K, 5 young (5120K), 5 survivors (5120K)
 Metaspace       used 62873K, committed 63296K, reserved 1105920K
  class space    used 7654K, committed 7872K, reserved 1048576K
}
Event: 304.946 GC heap before
{Heap before GC invocations=21 (full 0):
 garbage-first heap   total 101376K, used 40470K [0x0000000084400000, 0x0000000100000000)
  region size 1024K, 6 young (6144K), 5 survivors (5120K)
 Metaspace       used 62919K, committed 63296K, reserved 1105920K
  class space    used 7654K, committed 7872K, reserved 1048576K
}
Event: 304.967 GC heap after
{Heap after GC invocations=22 (full 0):
 garbage-first heap   total 101376K, used 36897K [0x0000000084400000, 0x0000000100000000)
  region size 1024K, 1 young (1024K), 1 survivors (1024K)
 Metaspace       used 62919K, committed 63296K, reserved 1105920K
  class space    used 7654K, committed 7872K, reserved 1048576K
}

