# JRE version: OpenJDK Runtime Environment Temurin-17.0.4+8 (17.0.4+8) (build 17.0.4+8)
# Java VM: OpenJDK 64-Bit Server VM Temurin-17.0.4+8 (17.0.4+8, mixed mode, tiered, compressed oops, compressed class ptrs, g1 gc, windows-amd64)
GC Precious Log:
 CPUs: 8 total, 8 available
 Memory: 7914M
 Large Page Support: Disabled
 NUMA Support: Disabled
 Compressed Oops: Enabled (32-bit)
 Heap Region Size: 1M
 Heap Min Capacity: 8M
 Heap Initial Capacity: 124M
 Heap Max Capacity: 1980M
 Pre-touch: Disabled
 Parallel Workers: 8
 Concurrent Workers: 2
 Concurrent Refinement Workers: 8
 Periodic GC: Disabled
Heap:
 garbage-first heap   total 129024K, used 56913K [0x0000000084400000, 0x0000000100000000)
  region size 1024K, 5 young (5120K), 5 survivors (5120K)
 Metaspace       used 50897K, committed 51392K, reserved 1097728K
  class space    used 6172K, committed 6400K, reserved 1048576K
GC Heap History (20 events):
Event: 7.140 GC heap after
{Heap after GC invocations=12 (full 0):
 garbage-first heap   total 64512K, used 23078K [0x0000000084400000, 0x0000000100000000)
  region size 1024K, 3 young (3072K), 3 survivors (3072K)
 Metaspace       used 28730K, committed 28992K, reserved 1081344K
  class space    used 3223K, committed 3392K, reserved 1048576K
}
Event: 7.406 GC heap before
{Heap before GC invocations=12 (full 0):
 garbage-first heap   total 64512K, used 51750K [0x0000000084400000, 0x0000000100000000)
  region size 1024K, 31 young (31744K), 3 survivors (3072K)
 Metaspace       used 28787K, committed 29056K, reserved 1081344K
  class space    used 3237K, committed 3392K, reserved 1048576K
}
Event: 7.425 GC heap after
{Heap after GC invocations=13 (full 0):
 garbage-first heap   total 64512K, used 24963K [0x0000000084400000, 0x0000000100000000)
  region size 1024K, 4 young (4096K), 4 survivors (4096K)
 Metaspace       used 28787K, committed 29056K, reserved 1081344K
  class space    used 3237K, committed 3392K, reserved 1048576K
}
Event: 7.760 GC heap before
{Heap before GC invocations=13 (full 0):
 garbage-first heap   total 64512K, used 51587K [0x0000000084400000, 0x0000000100000000)
  region size 1024K, 30 young (30720K), 4 survivors (4096K)
 Metaspace       used 28794K, committed 29056K, reserved 1081344K
  class space    used 3237K, committed 3392K, reserved 1048576K
}
Event: 7.775 GC heap after
{Heap after GC invocations=14 (full 0):
 garbage-first heap   total 64512K, used 26723K [0x0000000084400000, 0x0000000100000000)
  region size 1024K, 4 young (4096K), 4 survivors (4096K)
 Metaspace       used 28794K, committed 29056K, reserved 1081344K
  class space    used 3237K, committed 3392K, reserved 1048576K
}
Event: 8.139 GC heap before
{Heap before GC invocations=14 (full 0):
 garbage-first heap   total 64512K, used 51299K [0x0000000084400000, 0x0000000100000000)
  region size 1024K, 28 young (28672K), 4 survivors (4096K)
 Metaspace       used 28799K, committed 29056K, reserved 1081344K
  class space    used 3237K, committed 3392K, reserved 1048576K
}
Event: 8.230 GC heap after
{Heap after GC invocations=15 (full 0):
 garbage-first heap   total 129024K, used 28667K [0x0000000084400000, 0x0000000100000000)
  region size 1024K, 4 young (4096K), 4 survivors (4096K)
 Metaspace       used 28799K, committed 29056K, reserved 1081344K
  class space    used 3237K, committed 3392K, reserved 1048576K
}
Event: 9.100 GC heap before
{Heap before GC invocations=15 (full 0):
 garbage-first heap   total 129024K, used 101371K [0x0000000084400000, 0x0000000100000000)
  region size 1024K, 75 young (76800K), 4 survivors (4096K)
 Metaspace       used 29463K, committed 29760K, reserved 1081344K
  class space    used 3310K, committed 3456K, reserved 1048576K
}
Event: 9.115 GC heap after
{Heap after GC invocations=16 (full 0):
 garbage-first heap   total 129024K, used 33534K [0x0000000084400000, 0x0000000100000000)
  region size 1024K, 9 young (9216K), 9 survivors (9216K)
 Metaspace       used 29463K, committed 29760K, reserved 1081344K
  class space    used 3310K, committed 3456K, reserved 1048576K
}
Event: 11.434 GC heap before
{Heap before GC invocations=16 (full 0):
 garbage-first heap   total 129024K, used 98046K [0x0000000084400000, 0x0000000100000000)
  region size 1024K, 72 young (73728K), 9 survivors (9216K)
 Metaspace       used 33883K, committed 34176K, reserved 1081344K
  class space    used 3888K, committed 4032K, reserved 1048576K
}
Event: 11.451 GC heap after
{Heap after GC invocations=17 (full 0):
 garbage-first heap   total 129024K, used 39100K [0x0000000084400000, 0x0000000100000000)
  region size 1024K, 6 young (6144K), 6 survivors (6144K)
 Metaspace       used 33883K, committed 34176K, reserved 1081344K
  class space    used 3888K, committed 4032K, reserved 1048576K
}
Event: 11.929 GC heap before
{Heap before GC invocations=17 (full 0):
 garbage-first heap   total 129024K, used 99516K [0x0000000084400000, 0x0000000100000000)
  region size 1024K, 65 young (66560K), 6 survivors (6144K)
 Metaspace       used 33917K, committed 34240K, reserved 1081344K
  class space    used 3890K, committed 4032K, reserved 1048576K
}
Event: 11.936 GC heap after
{Heap after GC invocations=18 (full 0):
 garbage-first heap   total 129024K, used 44006K [0x0000000084400000, 0x0000000100000000)
  region size 1024K, 6 young (6144K), 6 survivors (6144K)
 Metaspace       used 33917K, committed 34240K, reserved 1081344K
  class space    used 3890K, committed 4032K, reserved 1048576K
}
Event: 13.275 GC heap before
{Heap before GC invocations=18 (full 0):
 garbage-first heap   total 129024K, used 78822K [0x0000000084400000, 0x0000000100000000)
  region size 1024K, 41 young (41984K), 6 survivors (6144K)
 Metaspace       used 35821K, committed 36096K, reserved 1081344K
  class space    used 4259K, committed 4416K, reserved 1048576K
}
Event: 13.281 GC heap after
{Heap after GC invocations=19 (full 0):
 garbage-first heap   total 129024K, used 45039K [0x0000000084400000, 0x0000000100000000)
  region size 1024K, 3 young (3072K), 3 survivors (3072K)
 Metaspace       used 35821K, committed 36096K, reserved 1081344K
  class space    used 4259K, committed 4416K, reserved 1048576K
}
Event: 17.238 GC heap before
{Heap before GC invocations=20 (full 0):
 garbage-first heap   total 129024K, used 109551K [0x0000000084400000, 0x0000000100000000)
  region size 1024K, 60 young (61440K), 3 survivors (3072K)
 Metaspace       used 43279K, committed 43648K, reserved 1089536K
  class space    used 5250K, committed 5440K, reserved 1048576K
}
Event: 17.247 GC heap after
{Heap after GC invocations=21 (full 0):
 garbage-first heap   total 129024K, used 51708K [0x0000000084400000, 0x0000000100000000)
  region size 1024K, 8 young (8192K), 8 survivors (8192K)
 Metaspace       used 43279K, committed 43648K, reserved 1089536K
  class space    used 5250K, committed 5440K, reserved 1048576K
}
Event: 17.252 GC heap before
{Heap before GC invocations=21 (full 0):
 garbage-first heap   total 129024K, used 52732K [0x0000000084400000, 0x0000000100000000)
  region size 1024K, 9 young (9216K), 8 survivors (8192K)
 Metaspace       used 43279K, committed 43648K, reserved 1089536K
  class space    used 5250K, committed 5440K, reserved 1048576K
}
Event: 17.260 GC heap after
{Heap after GC invocations=22 (full 0):
 garbage-first heap   total 129024K, used 51930K [0x0000000084400000, 0x0000000100000000)
  region size 1024K, 2 young (2048K), 2 survivors (2048K)
 Metaspace       used 43279K, committed 43648K, reserved 1089536K
  class space    used 5250K, committed 5440K, reserved 1048576K
}
Event: 20.326 GC heap before
{Heap before GC invocations=22 (full 0):
 garbage-first heap   total 129024K, used 104154K [0x0000000084400000, 0x0000000100000000)
  region size 1024K, 50 young (51200K), 2 survivors (2048K)
 Metaspace       used 50897K, committed 51392K, reserved 1097728K
  class space    used 6172K, committed 6400K, reserved 1048576K
}

