# JRE version: OpenJDK Runtime Environment Temurin-17.0.4+8 (17.0.4+8) (build 17.0.4+8)
# Java VM: OpenJDK 64-Bit Server VM Temurin-17.0.4+8 (17.0.4+8, mixed mode, tiered, compressed oops, compressed class ptrs, g1 gc, windows-amd64)
GC Precious Log:
 CPUs: 8 total, 8 available
 Memory: 7914M
 Large Page Support: Disabled
 NUMA Support: Disabled
 Compressed Oops: Enabled (32-bit)
 Heap Region Size: 1M
 Heap Min Capacity: 8M
 Heap Initial Capacity: 124M
 Heap Max Capacity: 1980M
 Pre-touch: Disabled
 Parallel Workers: 8
 Concurrent Workers: 2
 Concurrent Refinement Workers: 8
 Periodic GC: Disabled
Heap:
 garbage-first heap   total 210944K, used 161674K [0x0000000084400000, 0x0000000100000000)
  region size 1024K, 102 young (104448K), 2 survivors (2048K)
 Metaspace       used 81517K, committed 82048K, reserved 1122304K
  class space    used 10688K, committed 10944K, reserved 1048576K
GC Heap History (20 events):
Event: 5.146 GC heap before
{Heap before GC invocations=12 (full 0):
 garbage-first heap   total 110592K, used 86835K [0x0000000084400000, 0x0000000100000000)
  region size 1024K, 63 young (64512K), 8 survivors (8192K)
 Metaspace       used 30393K, committed 30656K, reserved 1081344K
  class space    used 3398K, committed 3520K, reserved 1048576K
}
Event: 5.154 GC heap after
{Heap after GC invocations=13 (full 0):
 garbage-first heap   total 133120K, used 34910K [0x0000000084400000, 0x0000000100000000)
  region size 1024K, 8 young (8192K), 8 survivors (8192K)
 Metaspace       used 30393K, committed 30656K, reserved 1081344K
  class space    used 3398K, committed 3520K, reserved 1048576K
}
Event: 6.028 GC heap before
{Heap before GC invocations=13 (full 0):
 garbage-first heap   total 133120K, used 105566K [0x0000000084400000, 0x0000000100000000)
  region size 1024K, 77 young (78848K), 8 survivors (8192K)
 Metaspace       used 33917K, committed 34240K, reserved 1081344K
  class space    used 3890K, committed 4032K, reserved 1048576K
}
Event: 6.039 GC heap after
{Heap after GC invocations=14 (full 0):
 garbage-first heap   total 133120K, used 40960K [0x0000000084400000, 0x0000000100000000)
  region size 1024K, 10 young (10240K), 10 survivors (10240K)
 Metaspace       used 33917K, committed 34240K, reserved 1081344K
  class space    used 3890K, committed 4032K, reserved 1048576K
}
Event: 6.531 GC heap before
{Heap before GC invocations=14 (full 0):
 garbage-first heap   total 133120K, used 105472K [0x0000000084400000, 0x0000000100000000)
  region size 1024K, 73 young (74752K), 10 survivors (10240K)
 Metaspace       used 34766K, committed 35072K, reserved 1081344K
  class space    used 4061K, committed 4224K, reserved 1048576K
}
Event: 6.541 GC heap after
{Heap after GC invocations=15 (full 0):
 garbage-first heap   total 133120K, used 43682K [0x0000000084400000, 0x0000000100000000)
  region size 1024K, 6 young (6144K), 6 survivors (6144K)
 Metaspace       used 34766K, committed 35072K, reserved 1081344K
  class space    used 4061K, committed 4224K, reserved 1048576K
}
Event: 6.723 GC heap before
{Heap before GC invocations=15 (full 0):
 garbage-first heap   total 133120K, used 58018K [0x0000000084400000, 0x0000000100000000)
  region size 1024K, 21 young (21504K), 6 survivors (6144K)
 Metaspace       used 35780K, committed 36096K, reserved 1081344K
  class space    used 4250K, committed 4416K, reserved 1048576K
}
Event: 6.729 GC heap after
{Heap after GC invocations=16 (full 0):
 garbage-first heap   total 133120K, used 43753K [0x0000000084400000, 0x0000000100000000)
  region size 1024K, 6 young (6144K), 6 survivors (6144K)
 Metaspace       used 35780K, committed 36096K, reserved 1081344K
  class space    used 4250K, committed 4416K, reserved 1048576K
}
Event: 7.714 GC heap before
{Heap before GC invocations=17 (full 0):
 garbage-first heap   total 133120K, used 113385K [0x0000000084400000, 0x0000000100000000)
  region size 1024K, 68 young (69632K), 6 survivors (6144K)
 Metaspace       used 43285K, committed 43712K, reserved 1089536K
  class space    used 5250K, committed 5440K, reserved 1048576K
}
Event: 7.722 GC heap after
{Heap after GC invocations=18 (full 0):
 garbage-first heap   total 133120K, used 49942K [0x0000000084400000, 0x0000000100000000)
  region size 1024K, 8 young (8192K), 8 survivors (8192K)
 Metaspace       used 43285K, committed 43712K, reserved 1089536K
  class space    used 5250K, committed 5440K, reserved 1048576K
}
Event: 8.481 GC heap before
{Heap before GC invocations=18 (full 0):
 garbage-first heap   total 133120K, used 107286K [0x0000000084400000, 0x0000000100000000)
  region size 1024K, 63 young (64512K), 8 survivors (8192K)
 Metaspace       used 50857K, committed 51200K, reserved 1097728K
  class space    used 6165K, committed 6336K, reserved 1048576K
}
Event: 8.488 GC heap after
{Heap after GC invocations=19 (full 0):
 garbage-first heap   total 133120K, used 55257K [0x0000000084400000, 0x0000000100000000)
  region size 1024K, 6 young (6144K), 6 survivors (6144K)
 Metaspace       used 50857K, committed 51200K, reserved 1097728K
  class space    used 6165K, committed 6336K, reserved 1048576K
}
Event: 9.256 GC heap before
{Heap before GC invocations=19 (full 0):
 garbage-first heap   total 133120K, used 99289K [0x0000000084400000, 0x0000000100000000)
  region size 1024K, 48 young (49152K), 6 survivors (6144K)
 Metaspace       used 59851K, committed 60288K, reserved 1105920K
  class space    used 7508K, committed 7744K, reserved 1048576K
}
Event: 9.260 GC heap after
{Heap after GC invocations=20 (full 0):
 garbage-first heap   total 133120K, used 57052K [0x0000000084400000, 0x0000000100000000)
  region size 1024K, 3 young (3072K), 3 survivors (3072K)
 Metaspace       used 59851K, committed 60288K, reserved 1105920K
  class space    used 7508K, committed 7744K, reserved 1048576K
}
Event: 10.207 GC heap before
{Heap before GC invocations=21 (full 0):
 garbage-first heap   total 133120K, used 107228K [0x0000000084400000, 0x0000000100000000)
  region size 1024K, 52 young (53248K), 3 survivors (3072K)
 Metaspace       used 71157K, committed 71616K, reserved 1114112K
  class space    used 9256K, committed 9472K, reserved 1048576K
}
Event: 10.212 GC heap after
{Heap after GC invocations=22 (full 0):
 garbage-first heap   total 133120K, used 59484K [0x0000000084400000, 0x0000000100000000)
  region size 1024K, 5 young (5120K), 5 survivors (5120K)
 Metaspace       used 71157K, committed 71616K, reserved 1114112K
  class space    used 9256K, committed 9472K, reserved 1048576K
}
Event: 10.229 GC heap before
{Heap before GC invocations=22 (full 0):
 garbage-first heap   total 133120K, used 60508K [0x0000000084400000, 0x0000000100000000)
  region size 1024K, 6 young (6144K), 5 survivors (5120K)
 Metaspace       used 71209K, committed 71744K, reserved 1114112K
  class space    used 9266K, committed 9536K, reserved 1048576K
}
Event: 10.233 GC heap after
{Heap after GC invocations=23 (full 0):
 garbage-first heap   total 133120K, used 59179K [0x0000000084400000, 0x0000000100000000)
  region size 1024K, 1 young (1024K), 1 survivors (1024K)
 Metaspace       used 71209K, committed 71744K, reserved 1114112K
  class space    used 9266K, committed 9536K, reserved 1048576K
}
Event: 10.518 GC heap before
{Heap before GC invocations=23 (full 0):
 garbage-first heap   total 133120K, used 108331K [0x0000000084400000, 0x0000000100000000)
  region size 1024K, 49 young (50176K), 1 survivors (1024K)
 Metaspace       used 72999K, committed 73536K, reserved 1114112K
  class space    used 9525K, committed 9792K, reserved 1048576K
}
Event: 10.522 GC heap after
{Heap after GC invocations=24 (full 0):
 garbage-first heap   total 210944K, used 60298K [0x0000000084400000, 0x0000000100000000)
  region size 1024K, 2 young (2048K), 2 survivors (2048K)
 Metaspace       used 72999K, committed 73536K, reserved 1114112K
  class space    used 9525K, committed 9792K, reserved 1048576K
}

